<?xml version="1.0" encoding="UTF-8"?>
<testng-results ignored="0" total="2" passed="2" failed="0" skipped="0">
  <reporter-output>
  </reporter-output>
  <suite started-at="2026-02-15T16:34:42 TRT" name="Selenium Test Suite" finished-at="2026-02-15T16:34:56 TRT" duration-ms="14906">
    <groups>
    </groups>
    <test started-at="2026-02-15T16:34:42 TRT" name="Login Tests" finished-at="2026-02-15T16:34:56 TRT" duration-ms="14906">
      <class name="tests.LoginTest">
        <test-method is-config="true" signature="setUp()[pri:0, instance:tests.LoginTest@353d0772]" started-at="2026-02-15T16:34:42 TRT" name="setUp" finished-at="2026-02-15T16:34:44 TRT" duration-ms="2099" status="PASS">
          <reporter-output>
          </reporter-output>
        </test-method> <!-- setUp -->
        <test-method signature="testSuccessfulLogin()[pri:1, instance:tests.LoginTest@353d0772]" started-at="2026-02-15T16:34:44 TRT" name="testSuccessfulLogin" finished-at="2026-02-15T16:34:47 TRT" duration-ms="3673" status="PASS">
          <reporter-output>
          </reporter-output>
        </test-method> <!-- testSuccessfulLogin -->
        <test-method is-config="true" signature="tearDown()[pri:0, instance:tests.LoginTest@353d0772]" started-at="2026-02-15T16:34:47 TRT" name="tearDown" finished-at="2026-02-15T16:34:50 TRT" duration-ms="2229" status="PASS">
          <reporter-output>
          </reporter-output>
        </test-method> <!-- tearDown -->
        <test-method is-config="true" signature="setUp()[pri:0, instance:tests.LoginTest@353d0772]" started-at="2026-02-15T16:34:50 TRT" name="setUp" finished-at="2026-02-15T16:34:51 TRT" duration-ms="990" status="PASS">
          <reporter-output>
          </reporter-output>
        </test-method> <!-- setUp -->
        <test-method signature="testLockedOutUser()[pri:2, instance:tests.LoginTest@353d0772]" started-at="2026-02-15T16:34:51 TRT" name="testLockedOutUser" finished-at="2026-02-15T16:34:54 TRT" duration-ms="3680" status="PASS">
          <reporter-output>
          </reporter-output>
        </test-method> <!-- testLockedOutUser -->
        <test-method is-config="true" signature="tearDown()[pri:0, instance:tests.LoginTest@353d0772]" started-at="2026-02-15T16:34:54 TRT" name="tearDown" finished-at="2026-02-15T16:34:56 TRT" duration-ms="2189" status="PASS">
          <reporter-output>
          </reporter-output>
        </test-method> <!-- tearDown -->
      </class> <!-- tests.LoginTest -->
    </test> <!-- Login Tests -->
  </suite> <!-- Selenium Test Suite -->
</testng-results>
