<?xml version="1.0" encoding="UTF-8"?>
<testng-results ignored="0" total="2" passed="2" failed="0" skipped="0">
  <reporter-output>
  </reporter-output>
  <suite started-at="2026-02-15T17:27:03 TRT" name="Selenium Test Suite" finished-at="2026-02-15T17:27:18 TRT" duration-ms="15192">
    <groups>
    </groups>
    <test started-at="2026-02-15T17:27:03 TRT" name="Login Tests" finished-at="2026-02-15T17:27:18 TRT" duration-ms="15192">
      <class name="tests.LoginTest">
        <test-method is-config="true" signature="setUp()[pri:0, instance:tests.LoginTest@13e39c73]" started-at="2026-02-15T17:27:04 TRT" name="setUp" finished-at="2026-02-15T17:27:06 TRT" duration-ms="2076" status="PASS">
          <reporter-output>
          </reporter-output>
        </test-method> <!-- setUp -->
        <test-method signature="testSuccessfulLogin()[pri:1, instance:tests.LoginTest@13e39c73]" started-at="2026-02-15T17:27:06 TRT" name="testSuccessfulLogin" finished-at="2026-02-15T17:27:09 TRT" duration-ms="3671" status="PASS">
          <reporter-output>
          </reporter-output>
        </test-method> <!-- testSuccessfulLogin -->
        <test-method is-config="true" signature="tearDown()[pri:0, instance:tests.LoginTest@13e39c73]" started-at="2026-02-15T17:27:09 TRT" name="tearDown" finished-at="2026-02-15T17:27:11 TRT" duration-ms="2210" status="PASS">
          <reporter-output>
          </reporter-output>
        </test-method> <!-- tearDown -->
        <test-method is-config="true" signature="setUp()[pri:0, instance:tests.LoginTest@13e39c73]" started-at="2026-02-15T17:27:12 TRT" name="setUp" finished-at="2026-02-15T17:27:13 TRT" duration-ms="1022" status="PASS">
          <reporter-output>
          </reporter-output>
        </test-method> <!-- setUp -->
        <test-method signature="testLockedOutUser()[pri:2, instance:tests.LoginTest@13e39c73]" started-at="2026-02-15T17:27:13 TRT" name="testLockedOutUser" finished-at="2026-02-15T17:27:16 TRT" duration-ms="3685" status="PASS">
          <reporter-output>
          </reporter-output>
        </test-method> <!-- testLockedOutUser -->
        <test-method is-config="true" signature="tearDown()[pri:0, instance:tests.LoginTest@13e39c73]" started-at="2026-02-15T17:27:16 TRT" name="tearDown" finished-at="2026-02-15T17:27:18 TRT" duration-ms="2211" status="PASS">
          <reporter-output>
          </reporter-output>
        </test-method> <!-- tearDown -->
      </class> <!-- tests.LoginTest -->
    </test> <!-- Login Tests -->
  </suite> <!-- Selenium Test Suite -->
</testng-results>
